<?xml version="1.0" encoding="UTF-8"?>
<!-- Generated by org.testng.reporters.JUnitReportReporter -->
<testsuite hostname="noname" name="com.EnhancedRegistration.WebDriverTest3" tests="2" failures="0" timestamp="31 Oct 2013 20:35:47 GMT" time="30.719" errors="0">
  <testcase name="testRegistrationNew" time="19.457" classname="com.EnhancedRegistration.WebDriverTest3"/>
  <testcase name="testRegistrationNew" time="11.262" classname="com.EnhancedRegistration.WebDriverTest3"/>
</testsuite> <!-- com.EnhancedRegistration.WebDriverTest3 -->
