<?xml version="1.0" encoding="UTF-8"?>
<!-- Generated by org.testng.reporters.JUnitReportReporter -->
<testsuite hostname="noname" name="com.SeleniumStudy.TestNGTest" tests="2" failures="0" timestamp="17 Oct 2013 13:31:16 GMT" time="0.024" errors="0">
  <testcase name="print2" time="0.012" classname="com.SeleniumStudy.TestNGTest"/>
  <testcase name="print1" time="0.012" classname="com.SeleniumStudy.TestNGTest"/>
</testsuite> <!-- com.SeleniumStudy.TestNGTest -->
