<?xml version="1.0" encoding="UTF-8"?>
<!-- Generated by org.testng.reporters.JUnitReportReporter -->
<testsuite hostname="NoNaMe" name="v2.krugClean" tests="1" failures="0" timestamp="14 Jul 2014 11:49:39 GMT" time="4781.241" errors="0">
  <testcase name="workingClean" time="4781.241" classname="v2.krugClean"/>
</testsuite> <!-- v2.krugClean -->
