<?xml version="1.0" encoding="UTF-8"?>
<!-- Generated by org.testng.reporters.JUnitReportReporter -->
<testsuite hostname="NoNaMe" name="msnPackage.msn1" tests="1" failures="0" timestamp="18 Feb 2014 12:33:02 GMT" time="21.535" errors="0">
  <testcase name="f" time="21.535" classname="msnPackage.msn1"/>
</testsuite> <!-- msnPackage.msn1 -->
