<?xml version="1.0" encoding="UTF-8"?>
<!-- Generated by org.testng.reporters.JUnitReportReporter -->
<testsuite hostname="NoNaMe" name="q.google2" tests="1" failures="0" timestamp="16 Aug 2014 08:30:44 GMT" time="11.569" errors="0">
  <testcase name="f" time="11.569" classname="q.google2"/>
</testsuite> <!-- q.google2 -->
